jupyter nbconvert --to script 1_example_surface_detection.ipynbnohup: ignoring input
[I 2024-08-05 19:20:37.799 ServerApp] Extension package jupyter_lsp took 0.4255s to import
[I 2024-08-05 19:20:38.817 ServerApp] Extension package jupyter_server_terminals took 1.0169s to import
[I 2024-08-05 19:21:35.939 ServerApp] jupyter_lsp | extension was successfully linked.
[I 2024-08-05 19:21:35.952 ServerApp] jupyter_server_terminals | extension was successfully linked.
[I 2024-08-05 19:21:35.960 ServerApp] jupyterlab | extension was successfully linked.
[I 2024-08-05 19:21:35.967 ServerApp] notebook | extension was successfully linked.
[I 2024-08-05 19:21:53.864 ServerApp] notebook_shim | extension was successfully linked.
[I 2024-08-05 19:21:57.427 ServerApp] notebook_shim | extension was successfully loaded.
[I 2024-08-05 19:21:57.431 ServerApp] jupyter_lsp | extension was successfully loaded.
[I 2024-08-05 19:21:57.433 ServerApp] jupyter_server_terminals | extension was successfully loaded.
[I 2024-08-05 19:21:57.435 LabApp] JupyterLab extension loaded from /home/wanqing.yu/.local/lib/python3.8/site-packages/jupyterlab
[I 2024-08-05 19:21:57.435 LabApp] JupyterLab application directory is /home/wanqing.yu/.local/share/jupyter/lab
[I 2024-08-05 19:21:57.435 LabApp] Extension Manager is 'pypi'.
[I 2024-08-05 19:21:57.448 ServerApp] jupyterlab | extension was successfully loaded.
[I 2024-08-05 19:21:57.451 ServerApp] notebook | extension was successfully loaded.
[I 2024-08-05 19:21:57.451 ServerApp] The port 8888 is already in use, trying another port.
[I 2024-08-05 19:21:57.451 ServerApp] The port 8889 is already in use, trying another port.
[I 2024-08-05 19:21:57.452 ServerApp] Serving notebooks from local directory: /home/wanqing.yu/AC_Project/ac_materialization/flattening_code
[I 2024-08-05 19:21:57.452 ServerApp] Jupyter Server 2.14.1 is running at:
[I 2024-08-05 19:21:57.452 ServerApp] http://localhost:8890/tree?token=01ce3aa149ca040da76b7e5c1eaa5b24e81daa69e168e3b7
[I 2024-08-05 19:21:57.452 ServerApp]     http://127.0.0.1:8890/tree?token=01ce3aa149ca040da76b7e5c1eaa5b24e81daa69e168e3b7
[I 2024-08-05 19:21:57.452 ServerApp] Use Control-C to stop this server and shut down all kernels (twice to skip confirmation).
[C 2024-08-05 19:21:57.553 ServerApp] 
    
    To access the server, open this file in a browser:
        file:///home/wanqing.yu/.local/share/jupyter/runtime/jpserver-1094305-open.html
    Or copy and paste one of these URLs:
        http://localhost:8890/tree?token=01ce3aa149ca040da76b7e5c1eaa5b24e81daa69e168e3b7
        http://127.0.0.1:8890/tree?token=01ce3aa149ca040da76b7e5c1eaa5b24e81daa69e168e3b7
[I 2024-08-05 19:22:17.789 ServerApp] Skipped non-installed server(s): bash-language-server, dockerfile-language-server-nodejs, javascript-typescript-langserver, jedi-language-server, julia-language-server, pyright, python-language-server, python-lsp-server, r-languageserver, sql-language-server, texlab, typescript-language-server, unified-language-server, vscode-css-languageserver-bin, vscode-html-languageserver-bin, vscode-json-languageserver-bin, yaml-language-server
